2021-09-06 10:03:52 debug [app.js]: hello
2021-09-06 10:07:10 info [app.js]: 开始启动后台服务
2021-09-06 10:10:45 info [app.js]: 开始启动后台服务...
2021-09-06 10:10:45 info [app.js]: 连接数据库...
2021-09-06 10:10:45 info [app.js]: 加载 scratch 模块...
2021-09-06 10:10:45 info [app.js]: 加载 C++ 题库模块...
2021-09-06 10:10:45 info [app.js]: 启动服务模块...
2021-09-06 10:10:45 info [app.js]: 系统启动正常
2021-09-06 10:12:42 info [app.js]: 开始启动后台服务...
2021-09-06 10:12:42 info [app.js]: 连接数据库...
2021-09-06 10:12:42 info [app.js]: 连接数据库成功
2021-09-06 10:12:42 info [app.js]: 加载数据模型...
2021-09-06 10:12:42 info [app.js]: 加载 scratch 模块...
2021-09-06 10:12:42 info [app.js]: 加载 C++ 题库模块...
2021-09-06 10:12:42 info [app.js]: 启动服务模块...
2021-09-06 10:12:42 info [app.js]: 系统启动正常
2021-09-06 10:18:51 info [app.js]: 开始启动后台服务...
2021-09-06 10:18:51 info [app.js]: 连接数据库...
2021-09-06 10:18:51 info [app.js]: 加载拦截器
2021-09-06 10:18:51 info [app.js]: 加载数据模型...
2021-09-06 10:18:51 info [app.js]: 加载 scratch 模块...
2021-09-06 10:18:51 info [app.js]: 加载 C++ 题库模块...
2021-09-06 10:18:51 info [app.js]: 启动服务模块...
2021-09-06 10:18:51 info [app.js]: 系统启动正常
2021-09-06 10:27:28 info [app.js]: 开始启动后台服务...
2021-09-06 10:27:28 info [app.js]: 加载插件...
2021-09-06 10:27:28 info [app.js]: 连接数据库...
2021-09-06 10:27:28 info [app.js]: 加载拦截器
2021-09-06 10:27:28 info [app.js]: 加载数据模型...
2021-09-06 10:27:28 info [app.js]: 加载 scratch 模块...
2021-09-06 10:27:28 info [app.js]: 加载 C++ 题库模块...
2021-09-06 10:27:28 info [app.js]: 连接判题机...
2021-09-06 10:27:28 info [app.js]: 系统启动正常, 开始对外提供服务
2021-09-06 10:29:05 info [jzcode]: 开始启动后台服务...
2021-09-06 10:29:05 info [jzcode]: 加载插件...
2021-09-06 10:29:05 info [jzcode]: 连接数据库...
2021-09-06 10:29:05 info [jzcode]: 加载拦截器
2021-09-06 10:29:05 info [jzcode]: 加载数据模型...
2021-09-06 10:29:05 info [jzcode]: 加载 scratch 模块...
2021-09-06 10:29:05 info [jzcode]: 加载 C++ 题库模块...
2021-09-06 10:29:05 info [jzcode]: 连接判题机...
2021-09-06 10:29:05 info [jzcode]: 系统启动正常, 开始对外提供服务
2021-09-06 10:58:56 info [jzcode]: 开始启动后台服务...
2021-09-06 10:58:56 info [jzcode]: 加载插件...
2021-09-06 10:58:56 info [jzcode]: 连接数据库...
2021-09-06 10:58:56 info [jzcode]: 加载拦截器
2021-09-06 10:58:56 info [jzcode]: 加载数据模型...
2021-09-06 10:58:56 info [jzcode]: 加载 scratch 模块...
2021-09-06 10:58:56 info [jzcode]: 加载 C++ 题库模块...
2021-09-06 10:58:56 info [jzcode]: 系统启动正常, 开始对外提供服务
2021-09-06 11:00:05 info [jzcode]: 开始启动后台服务...
2021-09-06 11:00:05 info [jzcode]: 加载插件...
2021-09-06 11:00:05 info [jzcode]: 连接数据库...
2021-09-06 11:00:05 info [jzcode]: 加载拦截器
2021-09-06 11:00:05 info [jzcode]: 加载数据模型...
2021-09-06 11:00:05 info [jzcode]: 加载 scratch 模块...
2021-09-06 11:00:05 info [jzcode]: 加载 C++ 题库模块...
2021-09-06 11:00:05 info [jzcode]: 连接判题机...
2021-09-06 11:00:05 info [jzcode]: 系统启动正常, 开始对外提供服务
2021-09-06 11:54:15 info [jzcode]: 开始启动后台服务...
2021-09-06 11:54:15 info [jzcode]: 加载插件...
2021-09-06 11:54:15 info [jzcode]: 连接数据库...
2021-09-06 11:54:16 info [jzcode]: 加载拦截器
2021-09-06 11:54:16 info [jzcode]: 加载数据模型...
2021-09-06 11:54:16 info [jzcode]: 加载 scratch 模块...
2021-09-06 11:54:16 info [jzcode]: 加载 C++ 题库模块...
2021-09-06 11:54:16 info [jzcode]: 连接判题机...
2021-09-06 11:54:16 info [jzcode]: 系统启动正常, 开始对外提供服务
2021-09-06 11:55:03 info [jzcode]: 开始启动后台服务...
2021-09-06 11:55:03 info [jzcode]: 加载插件...
2021-09-06 11:55:03 info [jzcode]: 连接数据库...
2021-09-06 11:55:03 info [jzcode]: 加载拦截器
2021-09-06 11:55:03 info [jzcode]: 加载数据模型...
2021-09-06 11:55:03 info [jzcode]: 加载 scratch 模块...
2021-09-06 11:55:03 info [jzcode]: 加载 C++ 题库模块...
2021-09-06 11:55:03 info [jzcode]: 连接判题机...
2021-09-06 11:55:03 info [jzcode]: 系统启动正常, 开始对外提供服务
2021-09-06 11:56:58 info [jzcode]: 开始启动后台服务...
2021-09-06 11:56:58 info [jzcode]: 加载插件...
2021-09-06 11:56:58 info [jzcode]: 连接数据库...
2021-09-06 11:57:00 info [jzcode]: 加载拦截器
2021-09-06 11:57:00 info [jzcode]: 加载数据模型...
2021-09-06 11:57:00 info [jzcode]: 加载 scratch 模块...
2021-09-06 11:57:00 info [jzcode]: 加载 C++ 题库模块...
2021-09-06 11:57:00 info [jzcode]: 连接判题机...
2021-09-06 11:57:00 info [jzcode]: 系统启动正常, 开始对外提供服务
2021-09-06 11:58:04 info [jzcode]: 开始启动后台服务...
2021-09-06 11:58:04 info [jzcode]: 加载插件...
2021-09-06 11:58:04 info [jzcode]: 连接数据库...
2021-09-06 11:58:04 info [jzcode]: 加载拦截器
2021-09-06 11:58:04 info [jzcode]: 加载数据模型...
2021-09-06 11:58:04 info [jzcode]: 加载 scratch 模块...
2021-09-06 11:58:04 info [jzcode]: 加载 C++ 题库模块...
2021-09-06 11:58:04 info [jzcode]: 连接判题机...
2021-09-06 11:58:04 info [jzcode]: 系统启动正常, 开始对外提供服务
2021-09-06 11:58:42 info [jzcode]: 开始启动后台服务...
2021-09-06 11:58:42 info [jzcode]: 加载插件...
2021-09-06 11:58:42 info [jzcode]: 连接数据库...
2021-09-06 11:58:42 info [jzcode]: 加载拦截器
2021-09-06 11:58:42 info [jzcode]: 加载数据模型...
2021-09-06 11:58:42 info [jzcode]: 加载 scratch 模块...
2021-09-06 11:58:42 info [jzcode]: 加载 C++ 题库模块...
2021-09-06 11:58:42 info [jzcode]: 连接判题机...
2021-09-06 11:58:42 info [jzcode]: 系统启动正常, 开始对外提供服务
2021-09-06 12:12:44 info [jzcode]: 开始启动后台服务...
2021-09-06 12:12:44 info [jzcode]: 加载插件...
2021-09-06 12:12:45 info [jzcode]: 连接数据库...
2021-09-06 12:12:45 info [jzcode]: 加载拦截器
2021-09-06 12:12:45 info [jzcode]: 加载数据模型...
2021-09-06 12:12:45 info [jzcode]: 加载 scratch 模块...
2021-09-06 12:12:45 info [jzcode]: 加载 C++ 题库模块...
2021-09-06 12:12:45 info [jzcode]: 连接判题机...
2021-09-06 12:12:45 info [jzcode]: 系统启动正常, 开始对外提供服务
2021-09-06 12:13:23 info [jzcode]: 开始启动后台服务...
2021-09-06 12:13:23 info [jzcode]: 加载插件...
2021-09-06 12:13:23 info [jzcode]: 连接数据库...
2021-09-06 12:13:24 info [jzcode]: 加载拦截器
2021-09-06 12:13:24 info [jzcode]: 加载数据模型...
2021-09-06 12:13:24 info [jzcode]: 加载 scratch 模块...
2021-09-06 12:13:24 info [jzcode]: 加载 C++ 题库模块...
2021-09-06 12:13:24 info [jzcode]: 连接判题机...
2021-09-06 12:13:24 info [jzcode]: 系统启动正常, 开始对外提供服务
2021-09-06 12:13:24 info [jzcode]: 桔子编程系统正在监听主机 127.0.0.1:8081...
2021-09-06 12:13:30 debug [jzcode]: 获取题目列表
2021-09-06 12:13:30 debug [jzcode]: undefined
2021-09-06 12:14:22 info [jzcode]: 开始启动后台服务...
2021-09-06 12:14:22 info [jzcode]: 加载插件...
2021-09-06 12:14:22 info [jzcode]: 连接数据库...
2021-09-06 12:14:23 info [jzcode]: 加载拦截器
2021-09-06 12:14:23 info [jzcode]: 加载数据模型...
2021-09-06 12:14:23 info [jzcode]: 加载 scratch 模块...
2021-09-06 12:14:23 info [jzcode]: 加载 C++ 题库模块...
2021-09-06 12:14:23 info [jzcode]: 连接判题机...
2021-09-06 12:14:23 info [jzcode]: 系统启动正常, 开始对外提供服务
2021-09-06 12:14:23 info [jzcode]: 桔子编程系统正在监听主机 127.0.0.1:8081...
2021-09-06 12:14:27 debug [jzcode]: 获取题目列表
2021-09-06 15:06:39 info [jzcode]: 开始启动后台服务...
2021-09-06 15:06:39 info [jzcode]: 加载插件...
2021-09-06 15:06:40 info [jzcode]: 连接数据库...
2021-09-06 15:06:40 info [jzcode]: 加载拦截器
2021-09-06 15:06:40 info [jzcode]: 加载数据模型...
2021-09-06 15:06:40 info [jzcode]: 加载 scratch 模块...
2021-09-06 15:06:40 info [jzcode]: 加载 C++ 题库模块...
2021-09-06 15:06:40 info [jzcode]: 连接判题机...
2021-09-06 15:06:40 info [jzcode]: 系统启动正常, 开始对外提供服务
2021-09-06 15:06:40 info [jzcode]: 桔子编程系统正在监听主机 127.0.0.1:8081...
2021-09-06 15:08:04 info [jzcode]: 开始启动后台服务...
2021-09-06 15:08:04 info [jzcode]: 加载插件...
2021-09-06 15:08:04 info [jzcode]: 连接数据库...
2021-09-06 15:08:05 info [jzcode]: 加载拦截器
2021-09-06 15:08:05 info [jzcode]: 加载数据模型...
2021-09-06 15:08:05 info [jzcode]: 加载 scratch 模块...
2021-09-06 15:08:05 info [jzcode]: 加载 C++ 题库模块...
2021-09-06 15:08:05 info [jzcode]: 连接判题机...
2021-09-06 15:08:05 info [jzcode]: 系统启动正常, 开始对外提供服务
2021-09-06 15:08:05 info [jzcode]: 桔子编程系统正在监听主机 127.0.0.1:8081...
2021-09-06 15:08:42 debug [jzcode]: 获取题目详细内容
2021-09-06 16:17:33 info [jzcode]: 开始启动后台服务...
2021-09-06 16:17:33 info [jzcode]: 加载插件...
2021-09-06 16:17:33 info [jzcode]: 连接数据库...
2021-09-06 16:17:34 info [jzcode]: 加载拦截器
2021-09-06 16:17:34 info [jzcode]: 加载数据模型...
2021-09-06 16:17:34 info [jzcode]: 加载 scratch 模块...
2021-09-06 16:17:34 info [jzcode]: 加载 C++ 题库模块...
2021-09-06 16:17:34 info [jzcode]: 连接判题机...
2021-09-06 16:17:34 info [jzcode]: 系统启动正常, 开始对外提供服务
2021-09-06 16:17:34 info [jzcode]: 桔子编程系统正在监听主机 127.0.0.1:8081...
2021-09-06 16:17:50 info [jzcode]: 开始启动后台服务...
2021-09-06 16:17:50 info [jzcode]: 加载插件...
2021-09-06 16:17:50 info [jzcode]: 连接数据库...
2021-09-06 16:17:51 info [jzcode]: 加载拦截器
2021-09-06 16:17:51 info [jzcode]: 加载数据模型...
2021-09-06 16:17:51 info [jzcode]: 加载 scratch 模块...
2021-09-06 16:17:51 info [jzcode]: 加载 C++ 题库模块...
2021-09-06 16:17:51 info [jzcode]: 连接判题机...
2021-09-06 16:17:51 info [jzcode]: 系统启动正常, 开始对外提供服务
2021-09-06 16:17:51 info [jzcode]: 桔子编程系统正在监听主机 127.0.0.1:8081...
2021-09-06 16:17:57 info [jzcode]: 开始启动后台服务...
2021-09-06 16:17:57 info [jzcode]: 加载插件...
2021-09-06 16:17:57 info [jzcode]: 连接数据库...
2021-09-06 16:17:58 info [jzcode]: 加载拦截器
2021-09-06 16:17:58 info [jzcode]: 加载数据模型...
2021-09-06 16:17:58 info [jzcode]: 加载 scratch 模块...
2021-09-06 16:17:58 info [jzcode]: 加载 C++ 题库模块...
2021-09-06 16:17:58 info [jzcode]: 连接判题机...
2021-09-06 16:17:58 info [jzcode]: 系统启动正常, 开始对外提供服务
2021-09-06 16:17:58 info [jzcode]: 桔子编程系统正在监听主机 127.0.0.1:8081...
2021-09-06 16:18:06 info [jzcode]: 开始启动后台服务...
2021-09-06 16:18:06 info [jzcode]: 加载插件...
2021-09-06 16:18:06 info [jzcode]: 连接数据库...
2021-09-06 16:18:07 info [jzcode]: 加载拦截器
2021-09-06 16:18:07 info [jzcode]: 加载数据模型...
2021-09-06 16:18:07 info [jzcode]: 加载 scratch 模块...
2021-09-06 16:18:07 info [jzcode]: 加载 C++ 题库模块...
2021-09-06 16:18:07 info [jzcode]: 连接判题机...
2021-09-06 16:18:07 info [jzcode]: 系统启动正常, 开始对外提供服务
2021-09-06 16:18:07 info [jzcode]: 桔子编程系统正在监听主机 127.0.0.1:8081...
2021-09-06 16:19:00 info [jzcode]: 开始启动后台服务...
2021-09-06 16:19:00 info [jzcode]: 加载插件...
2021-09-06 16:19:01 info [jzcode]: 连接数据库...
2021-09-06 16:19:02 info [jzcode]: 加载拦截器
2021-09-06 16:19:02 info [jzcode]: 加载数据模型...
2021-09-06 16:19:02 info [jzcode]: 加载 scratch 模块...
2021-09-06 16:19:02 info [jzcode]: 加载 C++ 题库模块...
2021-09-06 16:19:02 info [jzcode]: 连接判题机...
2021-09-06 16:19:02 info [jzcode]: 系统启动正常, 开始对外提供服务
2021-09-06 16:19:02 info [jzcode]: 桔子编程系统正在监听主机 127.0.0.1:8081...
2021-09-06 16:20:17 info [jzcode]: 开始启动后台服务...
2021-09-06 16:20:17 info [jzcode]: 加载插件...
2021-09-06 16:20:17 info [jzcode]: 连接数据库...
2021-09-06 16:20:18 info [jzcode]: 加载拦截器
2021-09-06 16:20:18 info [jzcode]: 加载数据模型...
2021-09-06 16:20:18 info [jzcode]: 加载 scratch 模块...
2021-09-06 16:20:18 info [jzcode]: 加载 C++ 题库模块...
2021-09-06 16:20:18 info [jzcode]: 连接判题机...
2021-09-06 16:20:18 info [jzcode]: 系统启动正常, 开始对外提供服务
2021-09-06 16:20:18 info [jzcode]: 桔子编程系统正在监听主机 127.0.0.1:8081...
2021-09-06 16:21:04 debug [jzcode]: 获取题目列表
2021-09-06 16:21:04 debug [jzcode]: undefined
2021-09-06 16:21:19 info [jzcode]: 开始启动后台服务...
2021-09-06 16:21:19 info [jzcode]: 加载插件...
2021-09-06 16:21:19 info [jzcode]: 连接数据库...
2021-09-06 16:21:21 info [jzcode]: 加载拦截器
2021-09-06 16:21:21 info [jzcode]: 加载数据模型...
2021-09-06 16:21:21 info [jzcode]: 加载 scratch 模块...
2021-09-06 16:21:21 info [jzcode]: 加载 C++ 题库模块...
2021-09-06 16:21:21 info [jzcode]: 连接判题机...
2021-09-06 16:21:21 info [jzcode]: 系统启动正常, 开始对外提供服务
2021-09-06 16:21:21 info [jzcode]: 桔子编程系统正在监听主机 127.0.0.1:8081...
2021-09-06 16:21:22 debug [jzcode]: 获取题目列表
2021-09-06 16:21:22 debug [jzcode]: undefined
2021-09-06 16:21:40 info [jzcode]: 开始启动后台服务...
2021-09-06 16:21:40 info [jzcode]: 加载插件...
2021-09-06 16:21:40 info [jzcode]: 连接数据库...
2021-09-06 16:21:41 info [jzcode]: 加载拦截器
2021-09-06 16:21:41 info [jzcode]: 加载数据模型...
2021-09-06 16:21:41 info [jzcode]: 加载 scratch 模块...
2021-09-06 16:21:41 info [jzcode]: 加载 C++ 题库模块...
2021-09-06 16:21:41 info [jzcode]: 连接判题机...
2021-09-06 16:21:41 info [jzcode]: 系统启动正常, 开始对外提供服务
2021-09-06 16:21:41 info [jzcode]: 桔子编程系统正在监听主机 127.0.0.1:8081...
2021-09-06 16:21:41 debug [jzcode]: 获取题目列表
2021-09-06 16:21:49 info [jzcode]: 开始启动后台服务...
2021-09-06 16:21:49 info [jzcode]: 加载插件...
2021-09-06 16:21:49 info [jzcode]: 连接数据库...
2021-09-06 16:21:50 info [jzcode]: 加载拦截器
2021-09-06 16:21:50 info [jzcode]: 加载数据模型...
2021-09-06 16:21:50 info [jzcode]: 加载 scratch 模块...
2021-09-06 16:21:50 info [jzcode]: 加载 C++ 题库模块...
2021-09-06 16:21:50 info [jzcode]: 连接判题机...
2021-09-06 16:21:50 info [jzcode]: 系统启动正常, 开始对外提供服务
2021-09-06 16:21:50 info [jzcode]: 桔子编程系统正在监听主机 127.0.0.1:8081...
2021-09-06 16:22:58 info [jzcode]: 开始启动后台服务...
2021-09-06 16:22:58 info [jzcode]: 加载插件...
2021-09-06 16:22:58 info [jzcode]: 连接数据库...
2021-09-06 16:23:00 info [jzcode]: 加载拦截器
2021-09-06 16:23:00 info [jzcode]: 加载数据模型...
2021-09-06 16:23:00 info [jzcode]: 加载 scratch 模块...
2021-09-06 16:23:00 info [jzcode]: 加载 C++ 题库模块...
2021-09-06 16:23:00 info [jzcode]: 连接判题机...
2021-09-06 16:23:00 info [jzcode]: 系统启动正常, 开始对外提供服务
2021-09-06 16:23:00 info [jzcode]: 桔子编程系统正在监听主机 127.0.0.1:8081...
2021-09-06 17:31:12 info [jzcode]: 开始启动后台服务...
2021-09-06 17:31:12 info [jzcode]: 加载插件...
2021-09-06 17:31:12 info [jzcode]: 连接数据库...
2021-09-06 17:31:13 info [jzcode]: 加载拦截器
2021-09-06 17:31:13 info [jzcode]: 加载数据模型...
2021-09-06 17:31:13 info [jzcode]: 加载 scratch 模块...
2021-09-06 17:31:13 info [jzcode]: 加载 C++ 题库模块...
2021-09-06 17:31:13 info [jzcode]: 连接判题机...
2021-09-06 17:31:13 info [jzcode]: 系统启动正常, 开始对外提供服务
2021-09-06 17:31:13 info [jzcode]: 桔子编程系统正在监听主机 127.0.0.1:8081...
2021-09-06 17:33:35 info [jzcode]: 开始启动后台服务...
2021-09-06 17:33:35 info [jzcode]: 加载插件...
2021-09-06 17:33:35 info [jzcode]: 连接数据库...
2021-09-06 17:33:36 info [jzcode]: 加载拦截器
2021-09-06 17:33:36 info [jzcode]: 加载数据模型...
2021-09-06 17:33:36 info [jzcode]: 加载 scratch 模块...
2021-09-06 17:33:36 info [jzcode]: 加载 C++ 题库模块...
2021-09-06 17:33:36 info [jzcode]: 连接判题机...
2021-09-06 17:33:36 info [jzcode]: 系统启动正常, 开始对外提供服务
2021-09-06 17:33:36 info [jzcode]: 桔子编程系统正在监听主机 127.0.0.1:8081...
2021-09-06 17:53:45 info [jzcode]: 开始启动后台服务...
2021-09-06 17:53:45 info [jzcode]: 加载插件...
2021-09-06 17:53:45 info [jzcode]: 连接数据库...
2021-09-06 17:53:46 info [jzcode]: 加载拦截器
2021-09-06 17:53:46 info [jzcode]: 加载数据模型...
2021-09-06 17:53:46 info [jzcode]: 加载 scratch 模块...
2021-09-06 17:53:46 info [jzcode]: 加载 C++ 题库模块...
2021-09-06 17:53:46 info [jzcode]: 连接判题机...
2021-09-06 17:53:46 info [jzcode]: 系统启动正常, 开始对外提供服务
2021-09-06 17:53:46 info [jzcode]: 桔子编程系统正在监听主机 127.0.0.1:8081...
2021-09-06 17:55:37 info [jzcode]: 开始启动后台服务...
2021-09-06 17:55:37 info [jzcode]: 加载插件...
2021-09-06 17:55:37 info [jzcode]: 连接数据库...
2021-09-06 17:55:38 info [jzcode]: 加载拦截器
2021-09-06 17:55:38 info [jzcode]: 加载数据模型...
2021-09-06 17:55:38 info [jzcode]: 加载 scratch 模块...
2021-09-06 17:55:38 info [jzcode]: 加载 C++ 题库模块...
2021-09-06 17:55:38 info [jzcode]: 连接判题机...
2021-09-06 17:55:38 info [jzcode]: 系统启动正常, 开始对外提供服务
2021-09-06 17:55:38 info [jzcode]: 桔子编程系统正在监听主机 127.0.0.1:8081...
2021-09-08 22:03:49 info [jzcode]: 开始启动后台服务...
2021-09-08 22:03:49 info [jzcode]: 加载插件...
2021-09-08 22:03:53 info [jzcode]: 连接数据库...
2021-09-08 22:04:11 info [jzcode]: 加载拦截器
2021-09-08 22:04:11 info [jzcode]: 加载数据模型...
2021-09-08 22:04:11 info [jzcode]: 加载 scratch 模块...
2021-09-08 22:04:11 info [jzcode]: 加载 C++ 题库模块...
2021-09-08 22:04:11 info [jzcode]: 连接判题机...
2021-09-08 22:04:11 info [jzcode]: 系统启动正常, 开始对外提供服务
2021-09-08 22:04:11 info [jzcode]: 桔子编程系统正在监听主机 127.0.0.1:8081...
2021-09-10 14:31:20 info [jzcode]: 开始启动后台服务...
2021-09-10 14:31:20 info [jzcode]: 加载插件...
2021-09-10 14:31:20 info [jzcode]: 连接数据库...
2021-09-10 14:31:21 info [jzcode]: 加载拦截器
2021-09-10 14:31:21 info [jzcode]: 加载数据模型...
2021-09-10 14:31:21 info [jzcode]: 加载 scratch 模块...
2021-09-10 14:31:21 info [jzcode]: 加载 C++ 题库模块...
2021-09-10 14:31:21 info [jzcode]: 连接判题机...
2021-09-10 14:31:21 info [jzcode]: 系统启动正常, 开始对外提供服务
2021-09-10 14:31:21 info [jzcode]: 桔子编程系统正在监听主机 127.0.0.1:8081...
2021-09-10 14:54:21 info [jzcode]: 开始启动后台服务...
2021-09-10 14:54:21 info [jzcode]: 加载插件...
2021-09-10 14:54:21 info [jzcode]: 连接数据库...
2021-09-10 14:54:22 info [jzcode]: 加载拦截器
2021-09-10 14:54:22 info [jzcode]: 加载数据模型...
2021-09-10 14:54:22 info [jzcode]: 加载 scratch 模块...
2021-09-10 14:54:22 info [jzcode]: 加载 C++ 题库模块...
2021-09-10 14:54:22 info [jzcode]: 连接判题机...
2021-09-10 14:54:22 info [jzcode]: 系统启动正常, 开始对外提供服务
2021-09-10 14:54:22 info [jzcode]: 桔子编程系统正在监听主机 127.0.0.1:8081...
2021-09-10 14:54:40 info [jzcode]: 开始启动后台服务...
2021-09-10 14:54:40 info [jzcode]: 加载插件...
2021-09-10 14:54:40 info [jzcode]: 连接数据库...
2021-09-10 14:54:41 info [jzcode]: 加载拦截器
2021-09-10 14:54:41 info [jzcode]: 加载数据模型...
2021-09-10 14:54:41 info [jzcode]: 加载 scratch 模块...
2021-09-10 14:54:41 info [jzcode]: 加载 C++ 题库模块...
2021-09-10 14:54:41 info [jzcode]: 连接判题机...
2021-09-10 14:54:41 info [jzcode]: 系统启动正常, 开始对外提供服务
2021-09-10 14:54:41 info [jzcode]: 桔子编程系统正在监听主机 127.0.0.1:8081...
